#
# There is insufficient memory for the Java Runtime Environment to continue.
# Native memory allocation (malloc) failed to allocate 32744 bytes for ChunkPool::allocate
# Possible reasons:
#   The system is out of physical RAM or swap space
#   In 32 bit mode, the process size limit was hit
# Possible solutions:
#   Reduce memory load on the system
#   Increase physical memory or swap space
#   Check if swap backing store is full
#   Use 64 bit Java on a 64 bit OS
#   Decrease Java heap size (-Xmx/-Xms)
#   Decrease number of Java threads
#   Decrease Java thread stack sizes (-Xss)
#   Set larger code cache with -XX:ReservedCodeCacheSize=
# This output file may be truncated or incomplete.
#
#  Out of Memory Error (allocation.cpp:273), pid=4232, tid=0x0000000000003d94
#
# JRE version: Java(TM) SE Runtime Environment (8.0_161-b12) (build 1.8.0_161-b12)
# Java VM: Java HotSpot(TM) 64-Bit Server VM (25.161-b12 mixed mode windows-amd64 compressed oops)
# Failed to write core dump. Minidumps are not enabled by default on client versions of Windows
#

---------------  T H R E A D  ---------------

Current thread (0x00000000196b7000):  JavaThread "C2 CompilerThread0" daemon [_thread_in_native, id=15764, stack(0x000000001b420000,0x000000001b520000)]

Stack: [0x000000001b420000,0x000000001b520000]
[error occurred during error reporting (printing stack bounds), id 0xc0000005]

Native frames: (J=compiled Java code, j=interpreted, Vv=VM code, C=native code)


Current CompileTask:
C2:   3354 1266       4       javafx.scene.CssStyleHelper::resolveLookups (521 bytes)


---------------  P R O C E S S  ---------------

Java Threads: ( => current thread )
  0x000000002117e800 JavaThread "Prism Font Disposer" daemon [_thread_blocked, id=22264, stack(0x0000000023e10000,0x0000000023f10000)]
  0x0000000020bc2000 JavaThread "JavaFX-Launcher" [_thread_blocked, id=18404, stack(0x0000000021460000,0x0000000021560000)]
  0x0000000020c1b800 JavaThread "Thread-2" daemon [_thread_in_native, id=14392, stack(0x0000000021360000,0x0000000021460000)]
  0x000000001b8fe800 JavaThread "JavaFX Application Thread" [_thread_in_Java, id=20552, stack(0x000000001c2a0000,0x000000001c3a0000)]
  0x000000001b900800 JavaThread "Thread-1" daemon [_thread_blocked, id=12964, stack(0x000000001c1a0000,0x000000001c2a0000)]
  0x000000001b8bf800 JavaThread "QuantumRenderer-0" daemon [_thread_blocked, id=21360, stack(0x000000001be70000,0x000000001bf70000)]
  0x000000001b54b000 JavaThread "Service Thread" daemon [_thread_blocked, id=8328, stack(0x000000001bb20000,0x000000001bc20000)]
  0x00000000196ea800 JavaThread "C1 CompilerThread2" daemon [_thread_blocked, id=17296, stack(0x000000001ba20000,0x000000001bb20000)]
  0x00000000196e9800 JavaThread "C2 CompilerThread1" daemon [_thread_in_native, id=17472, stack(0x000000001b920000,0x000000001ba20000)]
=>0x00000000196b7000 JavaThread "C2 CompilerThread0" daemon [_thread_in_native, id=15764, stack(0x000000001b420000,0x000000001b520000)]
  0x00000000196aa800 JavaThread "JDWP Command Reader" daemon [_thread_in_native, id=412, stack(0x000000001b320000,0x000000001b420000)]
  0x00000000196a9800 JavaThread "JDWP Event Helper Thread" daemon [_thread_blocked, id=14288, stack(0x000000001b220000,0x000000001b320000)]
  0x0000000019696000 JavaThread "JDWP Transport Listener: dt_socket" daemon [_thread_blocked, id=14832, stack(0x000000001b120000,0x000000001b220000)]
  0x000000001968e000 JavaThread "Attach Listener" daemon [_thread_blocked, id=19420, stack(0x000000001ace0000,0x000000001ade0000)]
  0x000000001968d000 JavaThread "Signal Dispatcher" daemon [_thread_blocked, id=2280, stack(0x000000001abe0000,0x000000001ace0000)]
  0x0000000004b6e800 JavaThread "Finalizer" daemon [_thread_blocked, id=7992, stack(0x000000001a8f0000,0x000000001a9f0000)]
  0x0000000004b63800 JavaThread "Reference Handler" daemon [_thread_blocked, id=14564, stack(0x000000001a7f0000,0x000000001a8f0000)]
  0x0000000004a72800 JavaThread "main" [_thread_blocked, id=8824, stack(0x00000000048a0000,0x00000000049a0000)]

Other Threads:
  0x0000000019659800 VMThread [stack: 0x000000001a6f0000,0x000000001a7f0000] [id=11340]
  0x000000001b552000 WatcherThread [stack: 0x000000001bc20000,0x000000001bd20000] [id=21624]

VM state:not at safepoint (normal execution)

VM Mutex/Monitor currently owned by a thread: None

Heap:
 PSYoungGen      total 38400K, used 8305K [0x00000000d5f80000, 0x00000000d8a00000, 0x0000000100000000)
  eden space 33280K, 9% used [0x00000000d5f80000,0x00000000d62a05f0,0x00000000d8000000)
  from space 5120K, 99% used [0x00000000d8000000,0x00000000d84fc030,0x00000000d8500000)
  to   space 5120K, 0% used [0x00000000d8500000,0x00000000d8500000,0x00000000d8a00000)
 ParOldGen       total 87552K, used 1004K [0x0000000081e00000, 0x0000000087380000, 0x00000000d5f80000)
  object space 87552K, 1% used [0x0000000081e00000,0x0000000081efb040,0x0000000087380000)
 Metaspace       used 12861K, capacity 13494K, committed 13568K, reserved 1060864K
  class space    used 1853K, capacity 2004K, committed 2048K, reserved 1048576K

Card table byte_map: [0x0000000013f30000,0x0000000014330000] byte_map_base: 0x0000000013b21000

Marking Bits: (ParMarkBitMap*) 0x0000000055ccf860
 Begin Bits: [0x00000000149e0000, 0x0000000016968000)
 End Bits:   [0x0000000016968000, 0x00000000188f0000)

Polling page: 0x00000000047b0000

CodeCache: size=245760Kb used=5391Kb max_used=5391Kb free=240368Kb
 bounds [0x0000000004b70000, 0x00000000050c0000, 0x0000000013b70000]
 total_blobs=2032 nmethods=1498 adapters=454
 compilation: enabled

Compilation events (10 events):
Event: 3.348 Thread 0x00000000196ea800 1498       3       javafx.css.StyleableBooleanProperty::<init> (10 bytes)
Event: 3.348 Thread 0x00000000196ea800 nmethod 1498 0x00000000050b3850 code [0x00000000050b39c0, 0x00000000050b3d30]
Event: 3.348 Thread 0x00000000196ea800 1504       3       javafx.scene.text.Text$StyleableProperties$6::getStyleableProperty (9 bytes)
Event: 3.349 Thread 0x00000000196ea800 nmethod 1504 0x00000000050b3ed0 code [0x00000000050b4080, 0x00000000050b47c8]
Event: 3.349 Thread 0x00000000196ea800 1502       3       javafx.scene.shape.Shape$1::invalidated (111 bytes)
Event: 3.350 Thread 0x00000000196ea800 nmethod 1502 0x00000000050b4a90 code [0x00000000050b4d00, 0x00000000050b5c38]
Event: 3.350 Thread 0x00000000196ea800 1503       3       com.sun.javafx.tk.Toolkit::getPaintAccessor (4 bytes)
Event: 3.350 Thread 0x00000000196ea800 nmethod 1503 0x00000000050b6290 code [0x00000000050b63e0, 0x00000000050b6530]
Event: 3.350 Thread 0x00000000196ea800 1507       3       com.sun.javafx.font.LogicalFont::getDefaultAAMode (10 bytes)
Event: 3.351 Thread 0x00000000196ea800 nmethod 1507 0x00000000050b6590 code [0x00000000050b6700, 0x00000000050b6958]

GC Heap History (2 events):
Event: 3.253 GC heap before
{Heap before GC invocations=1 (full 0):
 PSYoungGen      total 38400K, used 33280K [0x00000000d5f80000, 0x00000000d8a00000, 0x0000000100000000)
  eden space 33280K, 100% used [0x00000000d5f80000,0x00000000d8000000,0x00000000d8000000)
  from space 5120K, 0% used [0x00000000d8500000,0x00000000d8500000,0x00000000d8a00000)
  to   space 5120K, 0% used [0x00000000d8000000,0x00000000d8000000,0x00000000d8500000)
 ParOldGen       total 87552K, used 0K [0x0000000081e00000, 0x0000000087380000, 0x00000000d5f80000)
  object space 87552K, 0% used [0x0000000081e00000,0x0000000081e00000,0x0000000087380000)
 Metaspace       used 12806K, capacity 13430K, committed 13568K, reserved 1060864K
  class space    used 1853K, capacity 2004K, committed 2048K, reserved 1048576K
Event: 3.291 GC heap after
Heap after GC invocations=1 (full 0):
 PSYoungGen      total 38400K, used 5104K [0x00000000d5f80000, 0x00000000d8a00000, 0x0000000100000000)
  eden space 33280K, 0% used [0x00000000d5f80000,0x00000000d5f80000,0x00000000d8000000)
  from space 5120K, 99% used [0x00000000d8000000,0x00000000d84fc030,0x00000000d8500000)
  to   space 5120K, 0% used [0x00000000d8500000,0x00000000d8500000,0x00000000d8a00000)
 ParOldGen       total 87552K, used 1004K [0x0000000081e00000, 0x0000000087380000, 0x00000000d5f80000)
  object space 87552K, 1% used [0x0000000081e00000,0x0000000081efb040,0x0000000087380000)
 Metaspace       used 12806K, capacity 13430K, committed 13568K, reserved 1060864K
  class space    used 1853K, capacity 2004K, committed 2048K, reserved 1048576K
}

Deoptimization events (10 events):
Event: 2.962 Thread 0x000000001b8fe800 Uncommon trap: reason=array_check action=maybe_recompile pc=0x0000000004f43dbc method=com.sun.javafx.css.SimpleSelector.applies(Ljavafx/css/Styleable;[Ljava/util/Set;I)Z @ 37
Event: 2.962 Thread 0x000000001b8fe800 Uncommon trap: reason=array_check action=maybe_recompile pc=0x0000000004f43dbc method=com.sun.javafx.css.SimpleSelector.applies(Ljavafx/css/Styleable;[Ljava/util/Set;I)Z @ 37
Event: 2.962 Thread 0x000000001b8fe800 Uncommon trap: reason=array_check action=maybe_recompile pc=0x0000000004f43dbc method=com.sun.javafx.css.SimpleSelector.applies(Ljavafx/css/Styleable;[Ljava/util/Set;I)Z @ 37
Event: 2.962 Thread 0x000000001b8fe800 Uncommon trap: reason=bimorphic action=maybe_recompile pc=0x0000000004f3c3a0 method=com.sun.javafx.css.SimpleSelector.applies(Ljavafx/css/Styleable;)Z @ 95
Event: 2.971 Thread 0x000000001b8fe800 Uncommon trap: reason=unstable_if action=reinterpret pc=0x0000000004e69e20 method=javafx.beans.property.ObjectPropertyBase.get()Ljava/lang/Object; @ 9
Event: 2.981 Thread 0x000000001b8fe800 Uncommon trap: reason=bimorphic action=maybe_recompile pc=0x0000000004f3c3a0 method=com.sun.javafx.css.SimpleSelector.applies(Ljavafx/css/Styleable;)Z @ 95
Event: 2.985 Thread 0x000000001b8fe800 Uncommon trap: reason=bimorphic action=maybe_recompile pc=0x0000000004f3c3a0 method=com.sun.javafx.css.SimpleSelector.applies(Ljavafx/css/Styleable;)Z @ 95
Event: 2.985 Thread 0x000000001b8fe800 Uncommon trap: reason=bimorphic action=maybe_recompile pc=0x0000000004f3c3a0 method=com.sun.javafx.css.SimpleSelector.applies(Ljavafx/css/Styleable;)Z @ 95
Event: 3.008 Thread 0x000000001b8fe800 Uncommon trap: reason=null_check action=make_not_entrant pc=0x0000000004e7dd28 method=javafx.scene.Node.getParent()Ljavafx/scene/Parent; @ 18
Event: 3.011 Thread 0x000000001b8fe800 Uncommon trap: reason=unstable_if action=reinterpret pc=0x0000000004ec3470 method=java.util.HashMap.resize()[Ljava/util/HashMap$Node; @ 56

Classes redefined (0 events):
No events

Internal exceptions (10 events):
Event: 1.809 Thread 0x0000000004a72800 Exception <a 'java/lang/NoSuchFieldError': method resolution failed> (0x00000000d627b9e0) thrown at [C:\re\workspace\8-2-build-windows-amd64-cygwin\jdk8u161\10277\hotspot\src\share\vm\prims\methodHandles.cpp, line 1167]
Event: 1.871 Thread 0x0000000004a72800 Exception <a 'java/security/PrivilegedActionException'> (0x00000000d6304290) thrown at [C:\re\workspace\8-2-build-windows-amd64-cygwin\jdk8u161\10277\hotspot\src\share\vm\prims\jvm.cpp, line 1390]
Event: 1.871 Thread 0x0000000004a72800 Exception <a 'java/security/PrivilegedActionException'> (0x00000000d63044a0) thrown at [C:\re\workspace\8-2-build-windows-amd64-cygwin\jdk8u161\10277\hotspot\src\share\vm\prims\jvm.cpp, line 1390]
Event: 1.872 Thread 0x0000000004a72800 Exception <a 'java/security/PrivilegedActionException'> (0x00000000d6308110) thrown at [C:\re\workspace\8-2-build-windows-amd64-cygwin\jdk8u161\10277\hotspot\src\share\vm\prims\jvm.cpp, line 1390]
Event: 1.872 Thread 0x0000000004a72800 Exception <a 'java/security/PrivilegedActionException'> (0x00000000d6308320) thrown at [C:\re\workspace\8-2-build-windows-amd64-cygwin\jdk8u161\10277\hotspot\src\share\vm\prims\jvm.cpp, line 1390]
Event: 1.872 Thread 0x0000000004a72800 Exception <a 'java/lang/NullPointerException'> (0x00000000d63088f8) thrown at [C:\re\workspace\8-2-build-windows-amd64-cygwin\jdk8u161\10277\hotspot\src\share\vm\interpreter\linkResolver.cpp, line 1185]
Event: 2.268 Thread 0x000000001b8fe800 Exception <a 'java/lang/NullPointerException'> (0x00000000d6caca30) thrown at [C:\re\workspace\8-2-build-windows-amd64-cygwin\jdk8u161\10277\hotspot\src\share\vm\interpreter\linkResolver.cpp, line 1185]
Event: 2.268 Thread 0x000000001b8fe800 Exception <a 'java/lang/NullPointerException'> (0x00000000d6caca30) thrown at [C:\re\workspace\8-2-build-windows-amd64-cygwin\jdk8u161\10277\hotspot\src\share\vm\prims\jvm.cpp, line 1394]
Event: 2.532 Thread 0x000000001b8fe800 Implicit null exception at 0x0000000004dec674 to 0x0000000004dec8bd
Event: 3.008 Thread 0x000000001b8fe800 Implicit null exception at 0x0000000004e7dcad to 0x0000000004e7dd19

Events (10 events):
Event: 3.015 loading class com/sun/javafx/scene/control/skin/ButtonSkin
Event: 3.015 loading class com/sun/javafx/scene/control/skin/ButtonSkin done
Event: 3.016 loading class com/sun/javafx/scene/control/skin/ButtonSkin
Event: 3.016 loading class com/sun/javafx/scene/control/skin/ButtonSkin done
Event: 3.016 loading class com/sun/javafx/scene/control/skin/ButtonSkin
Event: 3.016 loading class com/sun/javafx/scene/control/skin/ButtonSkin done
Event: 3.197 Executing VM operation: ForceSafepoint
Event: 3.198 Executing VM operation: ForceSafepoint done
Event: 3.253 Executing VM operation: ParallelGCFailedAllocation
Event: 3.291 Executing VM operation: ParallelGCFailedAllocation done


Dynamic libraries:
0x00007ff697350000 - 0x00007ff697387000 	C:\Program Files\Java\jre1.8.0_161\bin\javaw.exe
0x00007ffbb8d70000 - 0x00007ffbb8f50000 	C:\WINDOWS\SYSTEM32\ntdll.dll
0x00007ffbb81f0000 - 0x00007ffbb829e000 	C:\WINDOWS\System32\KERNEL32.DLL
0x00007ffbb56b0000 - 0x00007ffbb5916000 	C:\WINDOWS\System32\KERNELBASE.dll
0x00007ffbb8a80000 - 0x00007ffbb8b21000 	C:\WINDOWS\System32\ADVAPI32.dll
0x00007ffbb7e80000 - 0x00007ffbb7f1d000 	C:\WINDOWS\System32\msvcrt.dll
0x00007ffbb85d0000 - 0x00007ffbb862b000 	C:\WINDOWS\System32\sechost.dll
0x00007ffbb8630000 - 0x00007ffbb874f000 	C:\WINDOWS\System32\RPCRT4.dll
0x00007ffbb8b30000 - 0x00007ffbb8cbf000 	C:\WINDOWS\System32\USER32.dll
0x00007ffbb5920000 - 0x00007ffbb5940000 	C:\WINDOWS\System32\win32u.dll
0x00007ffbb83e0000 - 0x00007ffbb8408000 	C:\WINDOWS\System32\GDI32.dll
0x00007ffbb52a0000 - 0x00007ffbb5433000 	C:\WINDOWS\System32\gdi32full.dll
0x00007ffbb5440000 - 0x00007ffbb54db000 	C:\WINDOWS\System32\msvcp_win.dll
0x00007ffbb5940000 - 0x00007ffbb5a36000 	C:\WINDOWS\System32\ucrtbase.dll
0x00007ffbac440000 - 0x00007ffbac6a9000 	C:\WINDOWS\WinSxS\amd64_microsoft.windows.common-controls_6595b64144ccf1df_6.0.16299.371_none_15c7d1789365a290\COMCTL32.dll
0x00007ffbb62b0000 - 0x00007ffbb65b8000 	C:\WINDOWS\System32\combase.dll
0x00007ffbb51c0000 - 0x00007ffbb5232000 	C:\WINDOWS\System32\bcryptPrimitives.dll
0x00007ffbb7a00000 - 0x00007ffbb7a2d000 	C:\WINDOWS\System32\IMM32.DLL
0x0000000056140000 - 0x0000000056212000 	C:\Program Files\Java\jre1.8.0_161\bin\msvcr100.dll
0x00000000554b0000 - 0x0000000055d4f000 	C:\Program Files\Java\jre1.8.0_161\bin\server\jvm.dll
0x00007ffbb8a10000 - 0x00007ffbb8a18000 	C:\WINDOWS\System32\PSAPI.DLL
0x00007ffbb19d0000 - 0x00007ffbb19d9000 	C:\WINDOWS\SYSTEM32\WSOCK32.dll
0x00007ffbb8370000 - 0x00007ffbb83dc000 	C:\WINDOWS\System32\WS2_32.dll
0x00007ffbb1dc0000 - 0x00007ffbb1de3000 	C:\WINDOWS\SYSTEM32\WINMM.dll
0x00007ffbadb80000 - 0x00007ffbadb8a000 	C:\WINDOWS\SYSTEM32\VERSION.dll
0x00007ffbb1cd0000 - 0x00007ffbb1cfa000 	C:\WINDOWS\SYSTEM32\WINMMBASE.dll
0x00007ffbb5170000 - 0x00007ffbb51ba000 	C:\WINDOWS\System32\cfgmgr32.dll
0x0000000056300000 - 0x000000005630f000 	C:\Program Files\Java\jre1.8.0_161\bin\verify.dll
0x00000000562d0000 - 0x00000000562f9000 	C:\Program Files\Java\jre1.8.0_161\bin\java.dll
0x0000000056100000 - 0x0000000056135000 	C:\Program Files\Java\jre1.8.0_161\bin\jdwp.dll
0x00000000560f0000 - 0x00000000560f8000 	C:\Program Files\Java\jre1.8.0_161\bin\npt.dll
0x00000000562b0000 - 0x00000000562c6000 	C:\Program Files\Java\jre1.8.0_161\bin\zip.dll
0x00007ffbb65c0000 - 0x00007ffbb79f6000 	C:\WINDOWS\System32\SHELL32.dll
0x00007ffbb88c0000 - 0x00007ffbb8966000 	C:\WINDOWS\System32\shcore.dll
0x00007ffbb5af0000 - 0x00007ffbb6237000 	C:\WINDOWS\System32\windows.storage.dll
0x00007ffbb7f20000 - 0x00007ffbb7f71000 	C:\WINDOWS\System32\shlwapi.dll
0x00007ffbb50e0000 - 0x00007ffbb50f1000 	C:\WINDOWS\System32\kernel.appcore.dll
0x00007ffbb5120000 - 0x00007ffbb516c000 	C:\WINDOWS\System32\powrprof.dll
0x00007ffbb5100000 - 0x00007ffbb511b000 	C:\WINDOWS\System32\profapi.dll
0x00000000560e0000 - 0x00000000560e9000 	C:\Program Files\Java\jre1.8.0_161\bin\dt_socket.dll
0x00007ffba0680000 - 0x00007ffba0696000 	C:\WINDOWS\system32\napinsp.dll
0x00007ffba0570000 - 0x00007ffba058a000 	C:\WINDOWS\system32\pnrpnsp.dll
0x00007ffbb2100000 - 0x00007ffbb2118000 	C:\WINDOWS\system32\NLAapi.dll
0x00007ffbb4950000 - 0x00007ffbb49b6000 	C:\WINDOWS\System32\mswsock.dll
0x00007ffbb4720000 - 0x00007ffbb47d6000 	C:\WINDOWS\SYSTEM32\DNSAPI.dll
0x00007ffbb80d0000 - 0x00007ffbb80d8000 	C:\WINDOWS\System32\NSI.dll
0x00007ffbb46e0000 - 0x00007ffbb4719000 	C:\WINDOWS\SYSTEM32\IPHLPAPI.DLL
0x00007ffbb09b0000 - 0x00007ffbb09be000 	C:\WINDOWS\System32\winrnr.dll
0x00007ffbaf6b0000 - 0x00007ffbaf6c5000 	C:\WINDOWS\System32\wshbth.dll
0x00007ffba2210000 - 0x00007ffba2280000 	C:\WINDOWS\System32\fwpuclnt.dll
0x00007ffbb4c20000 - 0x00007ffbb4c45000 	C:\WINDOWS\SYSTEM32\bcrypt.dll
0x00007ffba5260000 - 0x00007ffba526a000 	C:\Windows\System32\rasadhlp.dll
0x0000000004820000 - 0x0000000004823000 	C:\Program Files\Java\jre1.8.0_161\bin\api-ms-win-core-console-l1-1-0.dll
0x0000000004830000 - 0x0000000004833000 	C:\Program Files\Java\jre1.8.0_161\bin\api-ms-win-core-datetime-l1-1-0.dll
0x0000000004840000 - 0x0000000004843000 	C:\Program Files\Java\jre1.8.0_161\bin\api-ms-win-core-debug-l1-1-0.dll
0x0000000004850000 - 0x0000000004853000 	C:\Program Files\Java\jre1.8.0_161\bin\api-ms-win-core-errorhandling-l1-1-0.dll
0x0000000004860000 - 0x0000000004864000 	C:\Program Files\Java\jre1.8.0_161\bin\api-ms-win-core-file-l1-1-0.dll
0x0000000004870000 - 0x0000000004873000 	C:\Program Files\Java\jre1.8.0_161\bin\api-ms-win-core-file-l1-2-0.dll
0x0000000004880000 - 0x0000000004883000 	C:\Program Files\Java\jre1.8.0_161\bin\api-ms-win-core-file-l2-1-0.dll
0x00000000049a0000 - 0x00000000049a3000 	C:\Program Files\Java\jre1.8.0_161\bin\api-ms-win-core-handle-l1-1-0.dll
0x00000000049b0000 - 0x00000000049b3000 	C:\Program Files\Java\jre1.8.0_161\bin\api-ms-win-core-heap-l1-1-0.dll
0x00000000049c0000 - 0x00000000049c3000 	C:\Program Files\Java\jre1.8.0_161\bin\api-ms-win-core-interlocked-l1-1-0.dll
0x00000000049d0000 - 0x00000000049d3000 	C:\Program Files\Java\jre1.8.0_161\bin\api-ms-win-core-libraryloader-l1-1-0.dll
0x00000000049e0000 - 0x00000000049e3000 	C:\Program Files\Java\jre1.8.0_161\bin\api-ms-win-core-localization-l1-2-0.dll
0x00000000049f0000 - 0x00000000049f3000 	C:\Program Files\Java\jre1.8.0_161\bin\api-ms-win-core-memory-l1-1-0.dll
0x0000000004a00000 - 0x0000000004a03000 	C:\Program Files\Java\jre1.8.0_161\bin\api-ms-win-core-namedpipe-l1-1-0.dll
0x0000000004a10000 - 0x0000000004a13000 	C:\Program Files\Java\jre1.8.0_161\bin\api-ms-win-core-processenvironment-l1-1-0.dll
0x0000000004a20000 - 0x0000000004a23000 	C:\Program Files\Java\jre1.8.0_161\bin\api-ms-win-core-processthreads-l1-1-0.dll
0x0000000004a30000 - 0x0000000004a33000 	C:\Program Files\Java\jre1.8.0_161\bin\api-ms-win-core-processthreads-l1-1-1.dll
0x0000000004a40000 - 0x0000000004a43000 	C:\Program Files\Java\jre1.8.0_161\bin\api-ms-win-core-profile-l1-1-0.dll
0x0000000004a50000 - 0x0000000004a53000 	C:\Program Files\Java\jre1.8.0_161\bin\api-ms-win-core-rtlsupport-l1-1-0.dll
0x000000001bd20000 - 0x000000001bd23000 	C:\Program Files\Java\jre1.8.0_161\bin\api-ms-win-core-string-l1-1-0.dll
0x000000001bd30000 - 0x000000001bd33000 	C:\Program Files\Java\jre1.8.0_161\bin\api-ms-win-core-synch-l1-1-0.dll
0x000000001bd40000 - 0x000000001bd43000 	C:\Program Files\Java\jre1.8.0_161\bin\api-ms-win-core-synch-l1-2-0.dll
0x000000001bd50000 - 0x000000001bd53000 	C:\Program Files\Java\jre1.8.0_161\bin\api-ms-win-core-sysinfo-l1-1-0.dll
0x000000001bd60000 - 0x000000001bd63000 	C:\Program Files\Java\jre1.8.0_161\bin\api-ms-win-core-timezone-l1-1-0.dll
0x000000001bd70000 - 0x000000001bd73000 	C:\Program Files\Java\jre1.8.0_161\bin\api-ms-win-core-util-l1-1-0.dll
0x000000001bd80000 - 0x000000001bd83000 	C:\Program Files\Java\jre1.8.0_161\bin\api-ms-win-crt-conio-l1-1-0.dll
0x000000001bd90000 - 0x000000001bd94000 	C:\Program Files\Java\jre1.8.0_161\bin\api-ms-win-crt-convert-l1-1-0.dll
0x000000001bda0000 - 0x000000001bda3000 	C:\Program Files\Java\jre1.8.0_161\bin\api-ms-win-crt-environment-l1-1-0.dll
0x000000001bdb0000 - 0x000000001bdb3000 	C:\Program Files\Java\jre1.8.0_161\bin\api-ms-win-crt-filesystem-l1-1-0.dll
0x000000001bdc0000 - 0x000000001bdc3000 	C:\Program Files\Java\jre1.8.0_161\bin\api-ms-win-crt-heap-l1-1-0.dll
0x000000001bdd0000 - 0x000000001bdd3000 	C:\Program Files\Java\jre1.8.0_161\bin\api-ms-win-crt-locale-l1-1-0.dll
0x000000001bde0000 - 0x000000001bde5000 	C:\Program Files\Java\jre1.8.0_161\bin\api-ms-win-crt-math-l1-1-0.dll
0x000000001bdf0000 - 0x000000001bdf5000 	C:\Program Files\Java\jre1.8.0_161\bin\api-ms-win-crt-multibyte-l1-1-0.dll
0x000000001be00000 - 0x000000001be10000 	C:\Program Files\Java\jre1.8.0_161\bin\api-ms-win-crt-private-l1-1-0.dll
0x000000001be10000 - 0x000000001be13000 	C:\Program Files\Java\jre1.8.0_161\bin\api-ms-win-crt-process-l1-1-0.dll
0x000000001be20000 - 0x000000001be24000 	C:\Program Files\Java\jre1.8.0_161\bin\api-ms-win-crt-runtime-l1-1-0.dll
0x000000001be30000 - 0x000000001be34000 	C:\Program Files\Java\jre1.8.0_161\bin\api-ms-win-crt-stdio-l1-1-0.dll
0x000000001be40000 - 0x000000001be44000 	C:\Program Files\Java\jre1.8.0_161\bin\api-ms-win-crt-string-l1-1-0.dll
0x000000001be50000 - 0x000000001be53000 	C:\Program Files\Java\jre1.8.0_161\bin\api-ms-win-crt-time-l1-1-0.dll
0x000000001be60000 - 0x000000001be63000 	C:\Program Files\Java\jre1.8.0_161\bin\api-ms-win-crt-utility-l1-1-0.dll
0x00007ffba10e0000 - 0x00007ffba11d6000 	C:\Program Files\Java\jre1.8.0_161\bin\ucrtbase.dll
0x00007ffbb2170000 - 0x00007ffbb21c1000 	C:\Program Files\Java\jre1.8.0_161\bin\concrt140.dll
0x00007ffba1040000 - 0x00007ffba10dc000 	C:\Program Files\Java\jre1.8.0_161\bin\MSVCP140.dll
0x00007ffbb21f0000 - 0x00007ffbb2206000 	C:\Program Files\Java\jre1.8.0_161\bin\VCRUNTIME140.dll
0x00000000560b0000 - 0x00000000560d3000 	C:\Program Files\Java\jre1.8.0_161\bin\prism_d3d.dll
0x00007ffb840b0000 - 0x00007ffb84245000 	C:\WINDOWS\system32\d3d9.dll
0x00007ffbb3b50000 - 0x00007ffbb3b7a000 	C:\WINDOWS\SYSTEM32\dwmapi.dll
0x00007ffbb3680000 - 0x00007ffbb3715000 	C:\WINDOWS\system32\uxtheme.dll
0x00007ffb77680000 - 0x00007ffb7ce64000 	C:\WINDOWS\System32\DriverStore\FileRepository\igdlh64.inf_amd64_82119d956c80af5a\igdumdim64.dll
0x00007ffbb82a0000 - 0x00007ffbb8365000 	C:\WINDOWS\System32\OLEAUT32.dll
0x00007ffbb7f80000 - 0x00007ffbb80c9000 	C:\WINDOWS\System32\ole32.dll
0x00007ffbb7a30000 - 0x00007ffbb7e7e000 	C:\WINDOWS\System32\SETUPAPI.dll
0x0000000056060000 - 0x00000000560a9000 	C:\Program Files\Java\jre1.8.0_161\bin\glass.dll
0x00007ffbb80e0000 - 0x00007ffbb81ea000 	C:\WINDOWS\System32\COMDLG32.dll
0x00007ffbb8750000 - 0x00007ffbb88b7000 	C:\WINDOWS\System32\MSCTF.dll
0x00007ffba8dc0000 - 0x00007ffba9f1c000 	C:\WINDOWS\System32\DriverStore\FileRepository\igdlh64.inf_amd64_82119d956c80af5a\igc64.dll
0x0000000055490000 - 0x00000000554a4000 	C:\Program Files\Java\jre1.8.0_161\bin\javafx_font.dll
0x00007ffba2c70000 - 0x00007ffba2f80000 	C:\WINDOWS\SYSTEM32\dwrite.dll
0x00007ffbb8970000 - 0x00007ffbb8a0e000 	C:\WINDOWS\System32\clbcatq.dll
0x00007ffbafdd0000 - 0x00007ffbaff7b000 	C:\WINDOWS\SYSTEM32\WindowsCodecs.dll
0x00007ffb8f840000 - 0x00007ffb8f88f000 	C:\WINDOWS\system32\dataexchange.dll
0x00007ffbb2690000 - 0x00007ffbb2972000 	C:\WINDOWS\system32\d3d11.dll
0x00007ffbb3020000 - 0x00007ffbb3162000 	C:\WINDOWS\system32\dcomp.dll
0x00007ffbb3f20000 - 0x00007ffbb3fcf000 	C:\WINDOWS\system32\dxgi.dll
0x00007ffbb3960000 - 0x00007ffbb3adb000 	C:\WINDOWS\system32\twinapi.appcore.dll
0x00007ffbb3940000 - 0x00007ffbb3960000 	C:\WINDOWS\system32\RMCLIENT.dll
0x00007ffb9ac70000 - 0x00007ffb9aca4000 	C:\Program Files\Common Files\Microsoft Shared\Ink\rtscom.dll
0x00007ffba4c40000 - 0x00007ffba4cd8000 	C:\WINDOWS\System32\TextInputFramework.dll
0x00007ffbaf7a0000 - 0x00007ffbafa8e000 	C:\WINDOWS\System32\CoreUIComponents.dll
0x00007ffbb2f40000 - 0x00007ffbb301c000 	C:\WINDOWS\System32\CoreMessaging.dll
0x00007ffbb41f0000 - 0x00007ffbb4221000 	C:\WINDOWS\SYSTEM32\ntmarta.dll
0x00007ffbb1820000 - 0x00007ffbb1956000 	C:\WINDOWS\SYSTEM32\wintypes.dll

VM Arguments:
jvm_args: -agentlib:jdwp=transport=dt_socket,suspend=y,address=localhost:55682 -Dfile.encoding=Cp1252 
java_command: MineGraphics
java_class_path (initial): C:\Program Files\Java\jre1.8.0_161\lib\resources.jar;C:\Program Files\Java\jre1.8.0_161\lib\rt.jar;C:\Program Files\Java\jre1.8.0_161\lib\jsse.jar;C:\Program Files\Java\jre1.8.0_161\lib\jce.jar;C:\Program Files\Java\jre1.8.0_161\lib\charsets.jar;C:\Program Files\Java\jre1.8.0_161\lib\jfr.jar;C:\Program Files\Java\jre1.8.0_161\lib\ext\access-bridge-64.jar;C:\Program Files\Java\jre1.8.0_161\lib\ext\cldrdata.jar;C:\Program Files\Java\jre1.8.0_161\lib\ext\dnsns.jar;C:\Program Files\Java\jre1.8.0_161\lib\ext\jaccess.jar;C:\Program Files\Java\jre1.8.0_161\lib\ext\jfxrt.jar;C:\Program Files\Java\jre1.8.0_161\lib\ext\localedata.jar;C:\Program Files\Java\jre1.8.0_161\lib\ext\nashorn.jar;C:\Program Files\Java\jre1.8.0_161\lib\ext\sunec.jar;C:\Program Files\Java\jre1.8.0_161\lib\ext\sunjce_provider.jar;C:\Program Files\Java\jre1.8.0_161\lib\ext\sunmscapi.jar;C:\Program Files\Java\jre1.8.0_161\lib\ext\sunpkcs11.jar;C:\Program Files\Java\jre1.8.0_161\lib\ext\zipfs.jar;C:\Users\Tyler\eclipse-workspace\Minesweeper\bin
Launcher Type: SUN_STANDARD

Environment Variables:
PATH=C:/Program Files/Java/jre1.8.0_161/bin/server;C:/Program Files/Java/jre1.8.0_161/bin;C:/Program Files/Java/jre1.8.0_161/lib/amd64;C:\ProgramData\Oracle\Java\javapath;C:\Program Files (x86)\Intel\iCLS Client\;C:\Program Files\Intel\iCLS Client\;C:\Windows\system32;C:\Windows;C:\Windows\System32\Wbem;C:\Windows\System32\WindowsPowerShell\v1.0\;C:\Program Files (x86)\Intel\Intel(R) Management Engine Components\DAL;C:\Program Files\Intel\Intel(R) Management Engine Components\DAL;C:\Program Files (x86)\Intel\Intel(R) Management Engine Components\IPT;C:\Program Files\Intel\Intel(R) Management Engine Components\IPT;C:\Program Files (x86)\NVIDIA Corporation\PhysX\Common;C:\Program Files (x86)\PharosSystems\Core;C:\WINDOWS\system32;C:\WINDOWS;C:\WINDOWS\System32\Wbem;C:\WINDOWS\System32\WindowsPowerShell\v1.0\;C:\Users\Tyler\AppData\Local\Microsoft\WindowsApps;C:\Users\Tyler\AppData\Local\Programs\MiKTeX 2.9\miktex\bin\x64\;C:\Users\Tyler\AppData\Local\atom\bin;%USERPROFILE%\AppData\Local\Microsoft\WindowsApps;;C:\Users\Tyler\Desktop;
USERNAME=Tyler
OS=Windows_NT
PROCESSOR_IDENTIFIER=Intel64 Family 6 Model 78 Stepping 3, GenuineIntel



---------------  S Y S T E M  ---------------

OS: Windows 10.0 , 64 bit Build 16299 (10.0.16299.15)

CPU:total 4 (initial active 4) (2 cores per cpu, 2 threads per core) family 6 model 78 stepping 3, cmov, cx8, fxsr, mmx, sse, sse2, sse3, ssse3, sse4.1, sse4.2, popcnt, avx, avx2, aes, clmul, erms, 3dnowpref, lzcnt, ht, tsc, tscinvbit, bmi1, bmi2, adx

Memory: 4k page, physical 8259484k(1561080k free), swap 23809816k(4100k free)

vm_info: Java HotSpot(TM) 64-Bit Server VM (25.161-b12) for windows-amd64 JRE (1.8.0_161-b12), built on Dec 19 2017 17:52:25 by "java_re" with MS VC++ 10.0 (VS2010)

time: Thu May 03 21:56:42 2018
elapsed time: 3 seconds (0d 0h 0m 3s)

