#
# There is insufficient memory for the Java Runtime Environment to continue.
# Native memory allocation (malloc) failed to allocate 1048576 bytes for AllocateHeap
# Possible reasons:
#   The system is out of physical RAM or swap space
#   In 32 bit mode, the process size limit was hit
# Possible solutions:
#   Reduce memory load on the system
#   Increase physical memory or swap space
#   Check if swap backing store is full
#   Use 64 bit Java on a 64 bit OS
#   Decrease Java heap size (-Xmx/-Xms)
#   Decrease number of Java threads
#   Decrease Java thread stack sizes (-Xss)
#   Set larger code cache with -XX:ReservedCodeCacheSize=
# This output file may be truncated or incomplete.
#
#  Out of Memory Error (memory/allocation.inline.hpp:61), pid=18312, tid=0x0000000000001210
#
# JRE version:  (8.0_161-b12) (build )
# Java VM: Java HotSpot(TM) 64-Bit Server VM (25.161-b12 mixed mode windows-amd64 compressed oops)
# Failed to write core dump. Minidumps are not enabled by default on client versions of Windows
#

---------------  T H R E A D  ---------------

Current thread (0x00000000045e2800):  JavaThread "Unknown thread" [_thread_in_vm, id=4624, stack(0x00000000044e0000,0x00000000045e0000)]

Stack: [0x00000000044e0000,0x00000000045e0000]
[error occurred during error reporting (printing stack bounds), id 0xc0000005]

Native frames: (J=compiled Java code, j=interpreted, Vv=VM code, C=native code)


---------------  P R O C E S S  ---------------

Java Threads: ( => current thread )

Other Threads:

=>0x00000000045e2800 (exited) JavaThread "Unknown thread" [_thread_in_vm, id=4624, stack(0x00000000044e0000,0x00000000045e0000)]

VM state:not at safepoint (normal execution)

VM Mutex/Monitor currently owned by a thread: None

Heap:
 PSYoungGen      total 38400K, used 665K [0x00000000d5f80000, 0x00000000d8a00000, 0x0000000100000000)
  eden space 33280K, 2% used [0x00000000d5f80000,0x00000000d6026670,0x00000000d8000000)
  from space 5120K, 0% used [0x00000000d8500000,0x00000000d8500000,0x00000000d8a00000)
  to   space 5120K, 0% used [0x00000000d8000000,0x00000000d8000000,0x00000000d8500000)
 ParOldGen       total 87552K, used 0K [0x0000000081e00000, 0x0000000087380000, 0x00000000d5f80000)
  object space 87552K, 0% used [0x0000000081e00000,0x0000000081e00000,0x0000000087380000)
 Metaspace       used 757K, capacity 4480K, committed 4480K, reserved 1056768K
  class space    used 75K, capacity 384K, committed 384K, reserved 1048576K

Card table byte_map: [0x0000000013aa0000,0x0000000013ea0000] byte_map_base: 0x0000000013691000

Marking Bits: (ParMarkBitMap*) 0x0000000055ccf860
 Begin Bits: [0x0000000014550000, 0x00000000164d8000)
 End Bits:   [0x00000000164d8000, 0x0000000018460000)

Polling page: 0x0000000002b80000

CodeCache: size=245760Kb used=328Kb max_used=328Kb free=245431Kb
 bounds [0x00000000046e0000, 0x0000000004950000, 0x00000000136e0000]
 total_blobs=58 nmethods=0 adapters=38
 compilation: enabled

Compilation events (0 events):
No events

GC Heap History (0 events):
No events

Deoptimization events (0 events):
No events

Classes redefined (0 events):
No events

Internal exceptions (0 events):
No events

Events (10 events):
Event: 0.026 loading class java/lang/Short
Event: 0.026 loading class java/lang/Short done
Event: 0.026 loading class java/lang/Integer
Event: 0.026 loading class java/lang/Integer done
Event: 0.026 loading class java/lang/Long
Event: 0.026 loading class java/lang/Long done
Event: 0.027 loading class java/lang/NullPointerException
Event: 0.027 loading class java/lang/NullPointerException done
Event: 0.027 loading class java/lang/ArithmeticException
Event: 0.027 loading class java/lang/ArithmeticException done


Dynamic libraries:
0x00007ff697350000 - 0x00007ff697387000 	C:\Program Files\Java\jre1.8.0_161\bin\javaw.exe
0x00007ffbb8d70000 - 0x00007ffbb8f50000 	C:\WINDOWS\SYSTEM32\ntdll.dll
0x00007ffbb81f0000 - 0x00007ffbb829e000 	C:\WINDOWS\System32\KERNEL32.DLL
0x00007ffbb56b0000 - 0x00007ffbb5916000 	C:\WINDOWS\System32\KERNELBASE.dll
0x00007ffbb8a80000 - 0x00007ffbb8b21000 	C:\WINDOWS\System32\ADVAPI32.dll
0x00007ffbb7e80000 - 0x00007ffbb7f1d000 	C:\WINDOWS\System32\msvcrt.dll
0x00007ffbb85d0000 - 0x00007ffbb862b000 	C:\WINDOWS\System32\sechost.dll
0x00007ffbb8630000 - 0x00007ffbb874f000 	C:\WINDOWS\System32\RPCRT4.dll
0x00007ffbb8b30000 - 0x00007ffbb8cbf000 	C:\WINDOWS\System32\USER32.dll
0x00007ffbb5920000 - 0x00007ffbb5940000 	C:\WINDOWS\System32\win32u.dll
0x00007ffbb83e0000 - 0x00007ffbb8408000 	C:\WINDOWS\System32\GDI32.dll
0x00007ffbb52a0000 - 0x00007ffbb5433000 	C:\WINDOWS\System32\gdi32full.dll
0x00007ffbb5440000 - 0x00007ffbb54db000 	C:\WINDOWS\System32\msvcp_win.dll
0x00007ffbb5940000 - 0x00007ffbb5a36000 	C:\WINDOWS\System32\ucrtbase.dll
0x00007ffbac440000 - 0x00007ffbac6a9000 	C:\WINDOWS\WinSxS\amd64_microsoft.windows.common-controls_6595b64144ccf1df_6.0.16299.371_none_15c7d1789365a290\COMCTL32.dll
0x00007ffbb62b0000 - 0x00007ffbb65b8000 	C:\WINDOWS\System32\combase.dll
0x00007ffbb51c0000 - 0x00007ffbb5232000 	C:\WINDOWS\System32\bcryptPrimitives.dll
0x00007ffbb7a00000 - 0x00007ffbb7a2d000 	C:\WINDOWS\System32\IMM32.DLL
0x0000000056140000 - 0x0000000056212000 	C:\Program Files\Java\jre1.8.0_161\bin\msvcr100.dll
0x00000000554b0000 - 0x0000000055d4f000 	C:\Program Files\Java\jre1.8.0_161\bin\server\jvm.dll
0x00007ffbb8a10000 - 0x00007ffbb8a18000 	C:\WINDOWS\System32\PSAPI.DLL
0x00007ffbb19d0000 - 0x00007ffbb19d9000 	C:\WINDOWS\SYSTEM32\WSOCK32.dll
0x00007ffbb8370000 - 0x00007ffbb83dc000 	C:\WINDOWS\System32\WS2_32.dll
0x00007ffbb1dc0000 - 0x00007ffbb1de3000 	C:\WINDOWS\SYSTEM32\WINMM.dll
0x00007ffbadb80000 - 0x00007ffbadb8a000 	C:\WINDOWS\SYSTEM32\VERSION.dll
0x00007ffbb1cd0000 - 0x00007ffbb1cfa000 	C:\WINDOWS\SYSTEM32\WINMMBASE.dll
0x00007ffbb5170000 - 0x00007ffbb51ba000 	C:\WINDOWS\System32\cfgmgr32.dll
0x0000000056300000 - 0x000000005630f000 	C:\Program Files\Java\jre1.8.0_161\bin\verify.dll
0x00000000562d0000 - 0x00000000562f9000 	C:\Program Files\Java\jre1.8.0_161\bin\java.dll
0x0000000056100000 - 0x0000000056135000 	C:\Program Files\Java\jre1.8.0_161\bin\jdwp.dll
0x00000000560f0000 - 0x00000000560f8000 	C:\Program Files\Java\jre1.8.0_161\bin\npt.dll
0x00000000562b0000 - 0x00000000562c6000 	C:\Program Files\Java\jre1.8.0_161\bin\zip.dll

VM Arguments:
jvm_args: -agentlib:jdwp=transport=dt_socket,suspend=y,address=localhost:58622 -Dfile.encoding=Cp1252 
java_command: MineGraphics
java_class_path (initial): C:\Program Files\Java\jre1.8.0_161\lib\resources.jar;C:\Program Files\Java\jre1.8.0_161\lib\rt.jar;C:\Program Files\Java\jre1.8.0_161\lib\jsse.jar;C:\Program Files\Java\jre1.8.0_161\lib\jce.jar;C:\Program Files\Java\jre1.8.0_161\lib\charsets.jar;C:\Program Files\Java\jre1.8.0_161\lib\jfr.jar;C:\Program Files\Java\jre1.8.0_161\lib\ext\access-bridge-64.jar;C:\Program Files\Java\jre1.8.0_161\lib\ext\cldrdata.jar;C:\Program Files\Java\jre1.8.0_161\lib\ext\dnsns.jar;C:\Program Files\Java\jre1.8.0_161\lib\ext\jaccess.jar;C:\Program Files\Java\jre1.8.0_161\lib\ext\jfxrt.jar;C:\Program Files\Java\jre1.8.0_161\lib\ext\localedata.jar;C:\Program Files\Java\jre1.8.0_161\lib\ext\nashorn.jar;C:\Program Files\Java\jre1.8.0_161\lib\ext\sunec.jar;C:\Program Files\Java\jre1.8.0_161\lib\ext\sunjce_provider.jar;C:\Program Files\Java\jre1.8.0_161\lib\ext\sunmscapi.jar;C:\Program Files\Java\jre1.8.0_161\lib\ext\sunpkcs11.jar;C:\Program Files\Java\jre1.8.0_161\lib\ext\zipfs.jar;C:\Users\Tyler\eclipse-workspace\Minesweeper\bin
Launcher Type: SUN_STANDARD

Environment Variables:
PATH=C:/Program Files/Java/jre1.8.0_161/bin/server;C:/Program Files/Java/jre1.8.0_161/bin;C:/Program Files/Java/jre1.8.0_161/lib/amd64;C:\ProgramData\Oracle\Java\javapath;C:\Program Files (x86)\Intel\iCLS Client\;C:\Program Files\Intel\iCLS Client\;C:\Windows\system32;C:\Windows;C:\Windows\System32\Wbem;C:\Windows\System32\WindowsPowerShell\v1.0\;C:\Program Files (x86)\Intel\Intel(R) Management Engine Components\DAL;C:\Program Files\Intel\Intel(R) Management Engine Components\DAL;C:\Program Files (x86)\Intel\Intel(R) Management Engine Components\IPT;C:\Program Files\Intel\Intel(R) Management Engine Components\IPT;C:\Program Files (x86)\NVIDIA Corporation\PhysX\Common;C:\Program Files (x86)\PharosSystems\Core;C:\WINDOWS\system32;C:\WINDOWS;C:\WINDOWS\System32\Wbem;C:\WINDOWS\System32\WindowsPowerShell\v1.0\;C:\Users\Tyler\AppData\Local\Microsoft\WindowsApps;C:\Users\Tyler\AppData\Local\Programs\MiKTeX 2.9\miktex\bin\x64\;C:\Users\Tyler\AppData\Local\atom\bin;%USERPROFILE%\AppData\Local\Microsoft\WindowsApps;;C:\Users\Tyler\Desktop;
USERNAME=Tyler
OS=Windows_NT
PROCESSOR_IDENTIFIER=Intel64 Family 6 Model 78 Stepping 3, GenuineIntel



---------------  S Y S T E M  ---------------

OS: Windows 10.0 , 64 bit Build 16299 (10.0.16299.15)

CPU:total 4 (initial active 4) (2 cores per cpu, 2 threads per core) family 6 model 78 stepping 3, cmov, cx8, fxsr, mmx, sse, sse2, sse3, ssse3, sse4.1, sse4.2, popcnt, avx, avx2, aes, clmul, erms, 3dnowpref, lzcnt, ht, tsc, tscinvbit, bmi1, bmi2, adx

Memory: 4k page, physical 8259484k(1369960k free), swap 23809816k(6068k free)

vm_info: Java HotSpot(TM) 64-Bit Server VM (25.161-b12) for windows-amd64 JRE (1.8.0_161-b12), built on Dec 19 2017 17:52:25 by "java_re" with MS VC++ 10.0 (VS2010)

time: Sat May 05 00:25:12 2018
elapsed time: 0 seconds (0d 0h 0m 0s)

