#
# There is insufficient memory for the Java Runtime Environment to continue.
# Native memory allocation (malloc) failed to allocate 32744 bytes for ChunkPool::allocate
# Possible reasons:
#   The system is out of physical RAM or swap space
#   In 32 bit mode, the process size limit was hit
# Possible solutions:
#   Reduce memory load on the system
#   Increase physical memory or swap space
#   Check if swap backing store is full
#   Use 64 bit Java on a 64 bit OS
#   Decrease Java heap size (-Xmx/-Xms)
#   Decrease number of Java threads
#   Decrease Java thread stack sizes (-Xss)
#   Set larger code cache with -XX:ReservedCodeCacheSize=
# This output file may be truncated or incomplete.
#
#  Out of Memory Error (allocation.cpp:273), pid=368, tid=0x0000000000004704
#
# JRE version: Java(TM) SE Runtime Environment (8.0_161-b12) (build 1.8.0_161-b12)
# Java VM: Java HotSpot(TM) 64-Bit Server VM (25.161-b12 mixed mode windows-amd64 compressed oops)
# Failed to write core dump. Minidumps are not enabled by default on client versions of Windows
#

---------------  T H R E A D  ---------------

Current thread (0x000000001987d000):  JavaThread "C2 CompilerThread1" daemon [_thread_in_native, id=18180, stack(0x000000001baa0000,0x000000001bba0000)]

Stack: [0x000000001baa0000,0x000000001bba0000]
[error occurred during error reporting (printing stack bounds), id 0xc0000005]

Native frames: (J=compiled Java code, j=interpreted, Vv=VM code, C=native code)


Current CompileTask:
C2:   9564 2655   !   4       javafx.scene.CssStyleHelper::transitionToState (1075 bytes)


---------------  P R O C E S S  ---------------

Java Threads: ( => current thread )
  0x000000002391c000 JavaThread "Timer-0" [_thread_blocked, id=13008, stack(0x0000000025ab0000,0x0000000025bb0000)]
  0x000000001c342800 JavaThread "Prism Font Disposer" daemon [_thread_blocked, id=12372, stack(0x0000000024e30000,0x0000000024f30000)]
  0x000000001c174800 JavaThread "JavaFX-Launcher" [_thread_blocked, id=11548, stack(0x0000000021a60000,0x0000000021b60000)]
  0x000000001c1a4800 JavaThread "Thread-2" daemon [_thread_in_native, id=13868, stack(0x0000000021590000,0x0000000021690000)]
  0x000000001c0c3800 JavaThread "JavaFX Application Thread" [_thread_in_native, id=10212, stack(0x000000001cd00000,0x000000001ce00000)]
  0x000000001c0a7000 JavaThread "Thread-1" daemon [_thread_blocked, id=16452, stack(0x000000001cc00000,0x000000001cd00000)]
  0x000000001ba9c000 JavaThread "QuantumRenderer-0" daemon [_thread_blocked, id=11668, stack(0x000000001c8a0000,0x000000001c9a0000)]
  0x000000001b6cb800 JavaThread "Service Thread" daemon [_thread_blocked, id=6552, stack(0x000000001bca0000,0x000000001bda0000)]
  0x000000001987e000 JavaThread "C1 CompilerThread2" daemon [_thread_blocked, id=14992, stack(0x000000001bba0000,0x000000001bca0000)]
=>0x000000001987d000 JavaThread "C2 CompilerThread1" daemon [_thread_in_native, id=18180, stack(0x000000001baa0000,0x000000001bba0000)]
  0x0000000019845000 JavaThread "C2 CompilerThread0" daemon [_thread_blocked, id=3988, stack(0x000000001b5a0000,0x000000001b6a0000)]
  0x0000000019838800 JavaThread "JDWP Command Reader" daemon [_thread_in_native, id=17612, stack(0x000000001b4a0000,0x000000001b5a0000)]
  0x0000000019837000 JavaThread "JDWP Event Helper Thread" daemon [_thread_blocked, id=15836, stack(0x000000001b3a0000,0x000000001b4a0000)]
  0x0000000019821800 JavaThread "JDWP Transport Listener: dt_socket" daemon [_thread_blocked, id=20992, stack(0x000000001b2a0000,0x000000001b3a0000)]
  0x0000000019828000 JavaThread "Attach Listener" daemon [_thread_blocked, id=11764, stack(0x000000001ae60000,0x000000001af60000)]
  0x0000000019826800 JavaThread "Signal Dispatcher" daemon [_thread_blocked, id=8592, stack(0x000000001ad60000,0x000000001ae60000)]
  0x0000000004cfd000 JavaThread "Finalizer" daemon [_thread_blocked, id=4212, stack(0x000000001aa70000,0x000000001ab70000)]
  0x0000000004cf1000 JavaThread "Reference Handler" daemon [_thread_blocked, id=10204, stack(0x000000001a970000,0x000000001aa70000)]
  0x0000000004c02800 JavaThread "main" [_thread_blocked, id=14712, stack(0x0000000004b00000,0x0000000004c00000)]

Other Threads:
  0x00000000197e8000 VMThread [stack: 0x000000001a870000,0x000000001a970000] [id=14144]
  0x000000001b6cf800 WatcherThread [stack: 0x000000001bda0000,0x000000001bea0000] [id=21744]

VM state:not at safepoint (normal execution)

VM Mutex/Monitor currently owned by a thread: None

Heap:
 PSYoungGen      total 38400K, used 22513K [0x00000000d5f80000, 0x00000000d8a00000, 0x0000000100000000)
  eden space 33280K, 52% used [0x00000000d5f80000,0x00000000d7080528,0x00000000d8000000)
  from space 5120K, 99% used [0x00000000d8000000,0x00000000d84fc030,0x00000000d8500000)
  to   space 5120K, 0% used [0x00000000d8500000,0x00000000d8500000,0x00000000d8a00000)
 ParOldGen       total 87552K, used 640K [0x0000000081e00000, 0x0000000087380000, 0x00000000d5f80000)
  object space 87552K, 0% used [0x0000000081e00000,0x0000000081ea0000,0x0000000087380000)
 Metaspace       used 15338K, capacity 15994K, committed 16256K, reserved 1062912K
  class space    used 2158K, capacity 2345K, committed 2432K, reserved 1048576K

Card table byte_map: [0x00000000140c0000,0x00000000144c0000] byte_map_base: 0x0000000013cb1000

Marking Bits: (ParMarkBitMap*) 0x0000000055ccf860
 Begin Bits: [0x0000000014b70000, 0x0000000016af8000)
 End Bits:   [0x0000000016af8000, 0x0000000018a80000)

Polling page: 0x00000000049f0000

CodeCache: size=245760Kb used=8961Kb max_used=8976Kb free=236798Kb
 bounds [0x0000000004d00000, 0x00000000055d0000, 0x0000000013d00000]
 total_blobs=3311 nmethods=2681 adapters=550
 compilation: enabled

Compilation events (10 events):
Event: 9.233 Thread 0x000000001987e000 2678       3       java.util.WeakHashMap$EntryIterator::<init> (6 bytes)
Event: 9.233 Thread 0x000000001987e000 nmethod 2678 0x00000000055c2290 code [0x00000000055c2400, 0x00000000055c2628]
Event: 9.233 Thread 0x000000001987e000 2679       3       java.util.WeakHashMap$EntryIterator::<init> (11 bytes)
Event: 9.233 Thread 0x0000000019845000 2680       4       javafx.scene.layout.GridPane::getNodeRowEndConvertRemaining (29 bytes)
Event: 9.233 Thread 0x000000001987e000 nmethod 2679 0x00000000055bffd0 code [0x00000000055c0140, 0x00000000055c0308]
Event: 9.234 Thread 0x000000001987e000 2681       3       java.util.concurrent.locks.AbstractQueuedSynchronizer$ConditionObject::signal (33 bytes)
Event: 9.234 Thread 0x000000001987e000 nmethod 2681 0x00000000055c1c10 code [0x00000000055c1da0, 0x00000000055c2128]
Event: 9.234 Thread 0x000000001987e000 2682       1       com.sun.prism.paint.Color::getIntArgbPre (5 bytes)
Event: 9.234 Thread 0x000000001987e000 nmethod 2682 0x00000000055c1950 code [0x00000000055c1aa0, 0x00000000055c1bb0]
Event: 9.266 Thread 0x0000000019845000 nmethod 2680 0x00000000055c8bd0 code [0x00000000055c8dc0, 0x00000000055c9d10]

GC Heap History (2 events):
Event: 3.024 GC heap before
{Heap before GC invocations=1 (full 0):
 PSYoungGen      total 38400K, used 33280K [0x00000000d5f80000, 0x00000000d8a00000, 0x0000000100000000)
  eden space 33280K, 100% used [0x00000000d5f80000,0x00000000d8000000,0x00000000d8000000)
  from space 5120K, 0% used [0x00000000d8500000,0x00000000d8500000,0x00000000d8a00000)
  to   space 5120K, 0% used [0x00000000d8000000,0x00000000d8000000,0x00000000d8500000)
 ParOldGen       total 87552K, used 0K [0x0000000081e00000, 0x0000000087380000, 0x00000000d5f80000)
  object space 87552K, 0% used [0x0000000081e00000,0x0000000081e00000,0x0000000087380000)
 Metaspace       used 12996K, capacity 13622K, committed 13952K, reserved 1060864K
  class space    used 1905K, capacity 2068K, committed 2176K, reserved 1048576K
Event: 3.032 GC heap after
Heap after GC invocations=1 (full 0):
 PSYoungGen      total 38400K, used 5104K [0x00000000d5f80000, 0x00000000d8a00000, 0x0000000100000000)
  eden space 33280K, 0% used [0x00000000d5f80000,0x00000000d5f80000,0x00000000d8000000)
  from space 5120K, 99% used [0x00000000d8000000,0x00000000d84fc030,0x00000000d8500000)
  to   space 5120K, 0% used [0x00000000d8500000,0x00000000d8500000,0x00000000d8a00000)
 ParOldGen       total 87552K, used 640K [0x0000000081e00000, 0x0000000087380000, 0x00000000d5f80000)
  object space 87552K, 0% used [0x0000000081e00000,0x0000000081ea0000,0x0000000087380000)
 Metaspace       used 12996K, capacity 13622K, committed 13952K, reserved 1060864K
  class space    used 1905K, capacity 2068K, committed 2176K, reserved 1048576K
}

Deoptimization events (10 events):
Event: 4.233 Thread 0x000000001c0c3800 Uncommon trap: reason=unstable_if action=reinterpret pc=0x0000000005110dfc method=com.sun.javafx.css.BitSet.addAll(Ljava/util/Collection;)Z @ 1
Event: 4.242 Thread 0x000000001c0c3800 Uncommon trap: reason=unstable_if action=reinterpret pc=0x00000000052af4d8 method=com.sun.javafx.css.StyleManager.getStyleMap(Ljavafx/css/Styleable;Ljavafx/scene/SubScene;I)Lcom/sun/javafx/css/StyleMap; @ 2
Event: 4.242 Thread 0x000000001c0c3800 Uncommon trap: reason=unstable_if action=reinterpret pc=0x0000000005171f6c method=javafx.scene.CssStyleHelper.getStyle(Ljavafx/css/Styleable;Ljava/lang/String;Lcom/sun/javafx/css/StyleMap;Ljava/util/Set;)Lcom/sun/javafx/css/CascadingStyle; @ 8
Event: 4.273 Thread 0x000000001ba9c000 Uncommon trap: reason=unstable_if action=reinterpret pc=0x0000000005462aac method=com.sun.javafx.font.CompositeStrike.getStrikeSlot(I)Lcom/sun/javafx/font/FontStrike; @ 8
Event: 5.525 Thread 0x000000001c0c3800 Uncommon trap: reason=bimorphic action=maybe_recompile pc=0x00000000052de2a8 method=com.sun.javafx.binding.ExpressionHelper.fireValueChangedEvent(Lcom/sun/javafx/binding/ExpressionHelper;)V @ 5
Event: 5.556 Thread 0x000000001ba9c000 Uncommon trap: reason=unstable_if action=reinterpret pc=0x0000000005528360 method=com.sun.javafx.geom.transform.AffineBase.translate(DD)V @ 501
Event: 8.651 Thread 0x000000001c0c3800 Uncommon trap: reason=class_check action=maybe_recompile pc=0x00000000054ce8f0 method=javafx.scene.Node.updateLocalToParentTransform()V @ 11
Event: 8.651 Thread 0x000000001c0c3800 Uncommon trap: reason=class_check action=maybe_recompile pc=0x00000000054ce8f0 method=javafx.scene.Node.updateLocalToParentTransform()V @ 11
Event: 8.652 Thread 0x000000001c0c3800 Uncommon trap: reason=class_check action=maybe_recompile pc=0x00000000054ce8f0 method=javafx.scene.Node.updateLocalToParentTransform()V @ 11
Event: 8.652 Thread 0x000000001c0c3800 Uncommon trap: reason=class_check action=maybe_recompile pc=0x00000000054ce8f0 method=javafx.scene.Node.updateLocalToParentTransform()V @ 11

Classes redefined (0 events):
No events

Internal exceptions (10 events):
Event: 1.788 Thread 0x0000000004c02800 Exception <a 'java/security/PrivilegedActionException'> (0x00000000d630cb10) thrown at [C:\re\workspace\8-2-build-windows-amd64-cygwin\jdk8u161\10277\hotspot\src\share\vm\prims\jvm.cpp, line 1390]
Event: 1.788 Thread 0x0000000004c02800 Exception <a 'java/security/PrivilegedActionException'> (0x00000000d630cd20) thrown at [C:\re\workspace\8-2-build-windows-amd64-cygwin\jdk8u161\10277\hotspot\src\share\vm\prims\jvm.cpp, line 1390]
Event: 1.789 Thread 0x0000000004c02800 Exception <a 'java/lang/NullPointerException'> (0x00000000d630d2f8) thrown at [C:\re\workspace\8-2-build-windows-amd64-cygwin\jdk8u161\10277\hotspot\src\share\vm\interpreter\linkResolver.cpp, line 1185]
Event: 2.090 Thread 0x000000001c0c3800 Exception <a 'java/io/FileNotFoundException'> (0x00000000d6ba28e8) thrown at [C:\re\workspace\8-2-build-windows-amd64-cygwin\jdk8u161\10277\hotspot\src\share\vm\prims\jni.cpp, line 709]
Event: 2.136 Thread 0x000000001c0c3800 Exception <a 'java/lang/NullPointerException'> (0x00000000d6d3add8) thrown at [C:\re\workspace\8-2-build-windows-amd64-cygwin\jdk8u161\10277\hotspot\src\share\vm\interpreter\linkResolver.cpp, line 1185]
Event: 2.136 Thread 0x000000001c0c3800 Exception <a 'java/lang/NullPointerException'> (0x00000000d6d3add8) thrown at [C:\re\workspace\8-2-build-windows-amd64-cygwin\jdk8u161\10277\hotspot\src\share\vm\prims\jvm.cpp, line 1394]
Event: 2.358 Thread 0x000000001c0c3800 Implicit null exception at 0x0000000004f873b4 to 0x0000000004f875fd
Event: 2.810 Thread 0x000000001c0c3800 Implicit null exception at 0x000000000508042d to 0x0000000005080499
Event: 3.268 Thread 0x000000001c0c3800 Implicit null exception at 0x0000000005265ab4 to 0x0000000005267d6d
Event: 4.233 Thread 0x000000001c0c3800 Implicit null exception at 0x00000000051107b4 to 0x0000000005110de5

Events (10 events):
Event: 8.651 Thread 0x000000001c0c3800 DEOPT UNPACKING pc=0x0000000004d4583b sp=0x000000001cdfd6d8 mode 2
Event: 8.651 Thread 0x000000001c0c3800 Uncommon trap: trap_request=0xffffffde fr.pc=0x00000000054ce8f0
Event: 8.651 Thread 0x000000001c0c3800 DEOPT PACKING pc=0x00000000054ce8f0 sp=0x000000001cdfd760
Event: 8.652 Thread 0x000000001c0c3800 DEOPT UNPACKING pc=0x0000000004d4583b sp=0x000000001cdfd6d8 mode 2
Event: 8.652 Thread 0x000000001c0c3800 Uncommon trap: trap_request=0xffffffde fr.pc=0x00000000054ce8f0
Event: 8.652 Thread 0x000000001c0c3800 DEOPT PACKING pc=0x00000000054ce8f0 sp=0x000000001cdfd760
Event: 8.652 Thread 0x000000001c0c3800 DEOPT UNPACKING pc=0x0000000004d4583b sp=0x000000001cdfd6d8 mode 2
Event: 8.652 Thread 0x000000001c0c3800 Uncommon trap: trap_request=0xffffffde fr.pc=0x00000000054ce8f0
Event: 8.652 Thread 0x000000001c0c3800 DEOPT PACKING pc=0x00000000054ce8f0 sp=0x000000001cdfd760
Event: 8.652 Thread 0x000000001c0c3800 DEOPT UNPACKING pc=0x0000000004d4583b sp=0x000000001cdfd6d8 mode 2


Dynamic libraries:
0x00007ff697350000 - 0x00007ff697387000 	C:\Program Files\Java\jre1.8.0_161\bin\javaw.exe
0x00007ffbb8d70000 - 0x00007ffbb8f50000 	C:\WINDOWS\SYSTEM32\ntdll.dll
0x00007ffbb81f0000 - 0x00007ffbb829e000 	C:\WINDOWS\System32\KERNEL32.DLL
0x00007ffbb56b0000 - 0x00007ffbb5916000 	C:\WINDOWS\System32\KERNELBASE.dll
0x00007ffbb8a80000 - 0x00007ffbb8b21000 	C:\WINDOWS\System32\ADVAPI32.dll
0x00007ffbb7e80000 - 0x00007ffbb7f1d000 	C:\WINDOWS\System32\msvcrt.dll
0x00007ffbb85d0000 - 0x00007ffbb862b000 	C:\WINDOWS\System32\sechost.dll
0x00007ffbb8630000 - 0x00007ffbb874f000 	C:\WINDOWS\System32\RPCRT4.dll
0x00007ffbb8b30000 - 0x00007ffbb8cbf000 	C:\WINDOWS\System32\USER32.dll
0x00007ffbb5920000 - 0x00007ffbb5940000 	C:\WINDOWS\System32\win32u.dll
0x00007ffbb83e0000 - 0x00007ffbb8408000 	C:\WINDOWS\System32\GDI32.dll
0x00007ffbb52a0000 - 0x00007ffbb5433000 	C:\WINDOWS\System32\gdi32full.dll
0x00007ffbb5440000 - 0x00007ffbb54db000 	C:\WINDOWS\System32\msvcp_win.dll
0x00007ffbb5940000 - 0x00007ffbb5a36000 	C:\WINDOWS\System32\ucrtbase.dll
0x00007ffbac440000 - 0x00007ffbac6a9000 	C:\WINDOWS\WinSxS\amd64_microsoft.windows.common-controls_6595b64144ccf1df_6.0.16299.371_none_15c7d1789365a290\COMCTL32.dll
0x00007ffbb62b0000 - 0x00007ffbb65b8000 	C:\WINDOWS\System32\combase.dll
0x00007ffbb51c0000 - 0x00007ffbb5232000 	C:\WINDOWS\System32\bcryptPrimitives.dll
0x00007ffbb7a00000 - 0x00007ffbb7a2d000 	C:\WINDOWS\System32\IMM32.DLL
0x0000000056140000 - 0x0000000056212000 	C:\Program Files\Java\jre1.8.0_161\bin\msvcr100.dll
0x00000000554b0000 - 0x0000000055d4f000 	C:\Program Files\Java\jre1.8.0_161\bin\server\jvm.dll
0x00007ffbb8a10000 - 0x00007ffbb8a18000 	C:\WINDOWS\System32\PSAPI.DLL
0x00007ffbb19d0000 - 0x00007ffbb19d9000 	C:\WINDOWS\SYSTEM32\WSOCK32.dll
0x00007ffbb8370000 - 0x00007ffbb83dc000 	C:\WINDOWS\System32\WS2_32.dll
0x00007ffbb1dc0000 - 0x00007ffbb1de3000 	C:\WINDOWS\SYSTEM32\WINMM.dll
0x00007ffbadb80000 - 0x00007ffbadb8a000 	C:\WINDOWS\SYSTEM32\VERSION.dll
0x00007ffbb1cd0000 - 0x00007ffbb1cfa000 	C:\WINDOWS\SYSTEM32\WINMMBASE.dll
0x00007ffbb5170000 - 0x00007ffbb51ba000 	C:\WINDOWS\System32\cfgmgr32.dll
0x0000000056300000 - 0x000000005630f000 	C:\Program Files\Java\jre1.8.0_161\bin\verify.dll
0x00000000562d0000 - 0x00000000562f9000 	C:\Program Files\Java\jre1.8.0_161\bin\java.dll
0x0000000056100000 - 0x0000000056135000 	C:\Program Files\Java\jre1.8.0_161\bin\jdwp.dll
0x00000000560f0000 - 0x00000000560f8000 	C:\Program Files\Java\jre1.8.0_161\bin\npt.dll
0x00000000562b0000 - 0x00000000562c6000 	C:\Program Files\Java\jre1.8.0_161\bin\zip.dll
0x00007ffbb65c0000 - 0x00007ffbb79f6000 	C:\WINDOWS\System32\SHELL32.dll
0x00007ffbb88c0000 - 0x00007ffbb8966000 	C:\WINDOWS\System32\shcore.dll
0x00007ffbb5af0000 - 0x00007ffbb6237000 	C:\WINDOWS\System32\windows.storage.dll
0x00007ffbb7f20000 - 0x00007ffbb7f71000 	C:\WINDOWS\System32\shlwapi.dll
0x00007ffbb50e0000 - 0x00007ffbb50f1000 	C:\WINDOWS\System32\kernel.appcore.dll
0x00007ffbb5120000 - 0x00007ffbb516c000 	C:\WINDOWS\System32\powrprof.dll
0x00007ffbb5100000 - 0x00007ffbb511b000 	C:\WINDOWS\System32\profapi.dll
0x00000000560e0000 - 0x00000000560e9000 	C:\Program Files\Java\jre1.8.0_161\bin\dt_socket.dll
0x00007ffba0680000 - 0x00007ffba0696000 	C:\WINDOWS\system32\napinsp.dll
0x00007ffba0570000 - 0x00007ffba058a000 	C:\WINDOWS\system32\pnrpnsp.dll
0x00007ffbb2100000 - 0x00007ffbb2118000 	C:\WINDOWS\system32\NLAapi.dll
0x00007ffbb4950000 - 0x00007ffbb49b6000 	C:\WINDOWS\System32\mswsock.dll
0x00007ffbb4720000 - 0x00007ffbb47d6000 	C:\WINDOWS\SYSTEM32\DNSAPI.dll
0x00007ffbb80d0000 - 0x00007ffbb80d8000 	C:\WINDOWS\System32\NSI.dll
0x00007ffbb46e0000 - 0x00007ffbb4719000 	C:\WINDOWS\SYSTEM32\IPHLPAPI.DLL
0x00007ffbb09b0000 - 0x00007ffbb09be000 	C:\WINDOWS\System32\winrnr.dll
0x00007ffbaf6b0000 - 0x00007ffbaf6c5000 	C:\WINDOWS\System32\wshbth.dll
0x00007ffba2210000 - 0x00007ffba2280000 	C:\WINDOWS\System32\fwpuclnt.dll
0x00007ffbb4c20000 - 0x00007ffbb4c45000 	C:\WINDOWS\SYSTEM32\bcrypt.dll
0x00007ffba5260000 - 0x00007ffba526a000 	C:\Windows\System32\rasadhlp.dll
0x0000000004a70000 - 0x0000000004a73000 	C:\Program Files\Java\jre1.8.0_161\bin\api-ms-win-core-console-l1-1-0.dll
0x0000000004a80000 - 0x0000000004a83000 	C:\Program Files\Java\jre1.8.0_161\bin\api-ms-win-core-datetime-l1-1-0.dll
0x0000000004a90000 - 0x0000000004a93000 	C:\Program Files\Java\jre1.8.0_161\bin\api-ms-win-core-debug-l1-1-0.dll
0x0000000004aa0000 - 0x0000000004aa3000 	C:\Program Files\Java\jre1.8.0_161\bin\api-ms-win-core-errorhandling-l1-1-0.dll
0x0000000004ab0000 - 0x0000000004ab4000 	C:\Program Files\Java\jre1.8.0_161\bin\api-ms-win-core-file-l1-1-0.dll
0x0000000004ac0000 - 0x0000000004ac3000 	C:\Program Files\Java\jre1.8.0_161\bin\api-ms-win-core-file-l1-2-0.dll
0x0000000004ad0000 - 0x0000000004ad3000 	C:\Program Files\Java\jre1.8.0_161\bin\api-ms-win-core-file-l2-1-0.dll
0x0000000004ae0000 - 0x0000000004ae3000 	C:\Program Files\Java\jre1.8.0_161\bin\api-ms-win-core-handle-l1-1-0.dll
0x000000001bea0000 - 0x000000001bea3000 	C:\Program Files\Java\jre1.8.0_161\bin\api-ms-win-core-heap-l1-1-0.dll
0x000000001beb0000 - 0x000000001beb3000 	C:\Program Files\Java\jre1.8.0_161\bin\api-ms-win-core-interlocked-l1-1-0.dll
0x000000001bec0000 - 0x000000001bec3000 	C:\Program Files\Java\jre1.8.0_161\bin\api-ms-win-core-libraryloader-l1-1-0.dll
0x000000001bed0000 - 0x000000001bed3000 	C:\Program Files\Java\jre1.8.0_161\bin\api-ms-win-core-localization-l1-2-0.dll
0x000000001bee0000 - 0x000000001bee3000 	C:\Program Files\Java\jre1.8.0_161\bin\api-ms-win-core-memory-l1-1-0.dll
0x000000001bef0000 - 0x000000001bef3000 	C:\Program Files\Java\jre1.8.0_161\bin\api-ms-win-core-namedpipe-l1-1-0.dll
0x000000001bf00000 - 0x000000001bf03000 	C:\Program Files\Java\jre1.8.0_161\bin\api-ms-win-core-processenvironment-l1-1-0.dll
0x000000001bf10000 - 0x000000001bf13000 	C:\Program Files\Java\jre1.8.0_161\bin\api-ms-win-core-processthreads-l1-1-0.dll
0x000000001bf20000 - 0x000000001bf23000 	C:\Program Files\Java\jre1.8.0_161\bin\api-ms-win-core-processthreads-l1-1-1.dll
0x000000001bf30000 - 0x000000001bf33000 	C:\Program Files\Java\jre1.8.0_161\bin\api-ms-win-core-profile-l1-1-0.dll
0x000000001bf40000 - 0x000000001bf43000 	C:\Program Files\Java\jre1.8.0_161\bin\api-ms-win-core-rtlsupport-l1-1-0.dll
0x000000001bf50000 - 0x000000001bf53000 	C:\Program Files\Java\jre1.8.0_161\bin\api-ms-win-core-string-l1-1-0.dll
0x000000001bf60000 - 0x000000001bf63000 	C:\Program Files\Java\jre1.8.0_161\bin\api-ms-win-core-synch-l1-1-0.dll
0x000000001bf70000 - 0x000000001bf73000 	C:\Program Files\Java\jre1.8.0_161\bin\api-ms-win-core-synch-l1-2-0.dll
0x000000001bf80000 - 0x000000001bf83000 	C:\Program Files\Java\jre1.8.0_161\bin\api-ms-win-core-sysinfo-l1-1-0.dll
0x000000001bf90000 - 0x000000001bf93000 	C:\Program Files\Java\jre1.8.0_161\bin\api-ms-win-core-timezone-l1-1-0.dll
0x000000001bfa0000 - 0x000000001bfa3000 	C:\Program Files\Java\jre1.8.0_161\bin\api-ms-win-core-util-l1-1-0.dll
0x000000001bfb0000 - 0x000000001bfb3000 	C:\Program Files\Java\jre1.8.0_161\bin\api-ms-win-crt-conio-l1-1-0.dll
0x000000001bfc0000 - 0x000000001bfc4000 	C:\Program Files\Java\jre1.8.0_161\bin\api-ms-win-crt-convert-l1-1-0.dll
0x000000001bfd0000 - 0x000000001bfd3000 	C:\Program Files\Java\jre1.8.0_161\bin\api-ms-win-crt-environment-l1-1-0.dll
0x000000001bfe0000 - 0x000000001bfe3000 	C:\Program Files\Java\jre1.8.0_161\bin\api-ms-win-crt-filesystem-l1-1-0.dll
0x000000001bff0000 - 0x000000001bff3000 	C:\Program Files\Java\jre1.8.0_161\bin\api-ms-win-crt-heap-l1-1-0.dll
0x000000001c000000 - 0x000000001c003000 	C:\Program Files\Java\jre1.8.0_161\bin\api-ms-win-crt-locale-l1-1-0.dll
0x000000001c010000 - 0x000000001c015000 	C:\Program Files\Java\jre1.8.0_161\bin\api-ms-win-crt-math-l1-1-0.dll
0x000000001c020000 - 0x000000001c025000 	C:\Program Files\Java\jre1.8.0_161\bin\api-ms-win-crt-multibyte-l1-1-0.dll
0x000000001c030000 - 0x000000001c040000 	C:\Program Files\Java\jre1.8.0_161\bin\api-ms-win-crt-private-l1-1-0.dll
0x000000001c040000 - 0x000000001c043000 	C:\Program Files\Java\jre1.8.0_161\bin\api-ms-win-crt-process-l1-1-0.dll
0x000000001c050000 - 0x000000001c054000 	C:\Program Files\Java\jre1.8.0_161\bin\api-ms-win-crt-runtime-l1-1-0.dll
0x000000001c060000 - 0x000000001c064000 	C:\Program Files\Java\jre1.8.0_161\bin\api-ms-win-crt-stdio-l1-1-0.dll
0x000000001c070000 - 0x000000001c074000 	C:\Program Files\Java\jre1.8.0_161\bin\api-ms-win-crt-string-l1-1-0.dll
0x000000001c080000 - 0x000000001c083000 	C:\Program Files\Java\jre1.8.0_161\bin\api-ms-win-crt-time-l1-1-0.dll
0x000000001c090000 - 0x000000001c093000 	C:\Program Files\Java\jre1.8.0_161\bin\api-ms-win-crt-utility-l1-1-0.dll
0x00007ffba10e0000 - 0x00007ffba11d6000 	C:\Program Files\Java\jre1.8.0_161\bin\ucrtbase.dll
0x00007ffbb2170000 - 0x00007ffbb21c1000 	C:\Program Files\Java\jre1.8.0_161\bin\concrt140.dll
0x00007ffba1040000 - 0x00007ffba10dc000 	C:\Program Files\Java\jre1.8.0_161\bin\MSVCP140.dll
0x00007ffbb21f0000 - 0x00007ffbb2206000 	C:\Program Files\Java\jre1.8.0_161\bin\VCRUNTIME140.dll
0x00000000560b0000 - 0x00000000560d3000 	C:\Program Files\Java\jre1.8.0_161\bin\prism_d3d.dll
0x00007ffb840b0000 - 0x00007ffb84245000 	C:\WINDOWS\system32\d3d9.dll
0x00007ffbb3b50000 - 0x00007ffbb3b7a000 	C:\WINDOWS\SYSTEM32\dwmapi.dll
0x00007ffbb3680000 - 0x00007ffbb3715000 	C:\WINDOWS\system32\uxtheme.dll
0x00007ffb77680000 - 0x00007ffb7ce64000 	C:\WINDOWS\System32\DriverStore\FileRepository\igdlh64.inf_amd64_82119d956c80af5a\igdumdim64.dll
0x00007ffbb82a0000 - 0x00007ffbb8365000 	C:\WINDOWS\System32\OLEAUT32.dll
0x00007ffbb7f80000 - 0x00007ffbb80c9000 	C:\WINDOWS\System32\ole32.dll
0x00007ffbb7a30000 - 0x00007ffbb7e7e000 	C:\WINDOWS\System32\SETUPAPI.dll
0x0000000056060000 - 0x00000000560a9000 	C:\Program Files\Java\jre1.8.0_161\bin\glass.dll
0x00007ffbb80e0000 - 0x00007ffbb81ea000 	C:\WINDOWS\System32\COMDLG32.dll
0x00007ffbb8750000 - 0x00007ffbb88b7000 	C:\WINDOWS\System32\MSCTF.dll
0x00007ffba8dc0000 - 0x00007ffba9f1c000 	C:\WINDOWS\System32\DriverStore\FileRepository\igdlh64.inf_amd64_82119d956c80af5a\igc64.dll
0x0000000055490000 - 0x00000000554a4000 	C:\Program Files\Java\jre1.8.0_161\bin\javafx_font.dll
0x00007ffba2c70000 - 0x00007ffba2f80000 	C:\WINDOWS\SYSTEM32\dwrite.dll
0x00007ffbb8970000 - 0x00007ffbb8a0e000 	C:\WINDOWS\System32\clbcatq.dll
0x00007ffbafdd0000 - 0x00007ffbaff7b000 	C:\WINDOWS\SYSTEM32\WindowsCodecs.dll
0x00007ffb8f840000 - 0x00007ffb8f88f000 	C:\WINDOWS\system32\dataexchange.dll
0x00007ffbb2690000 - 0x00007ffbb2972000 	C:\WINDOWS\system32\d3d11.dll
0x00007ffbb3020000 - 0x00007ffbb3162000 	C:\WINDOWS\system32\dcomp.dll
0x00007ffbb3f20000 - 0x00007ffbb3fcf000 	C:\WINDOWS\system32\dxgi.dll
0x00007ffbb3960000 - 0x00007ffbb3adb000 	C:\WINDOWS\system32\twinapi.appcore.dll
0x00007ffbb3940000 - 0x00007ffbb3960000 	C:\WINDOWS\system32\RMCLIENT.dll
0x00007ffbb0420000 - 0x00007ffbb0454000 	C:\Program Files\Common Files\Microsoft Shared\Ink\rtscom.dll
0x00007ffba4c40000 - 0x00007ffba4cd8000 	C:\WINDOWS\System32\TextInputFramework.dll
0x00007ffbaf7a0000 - 0x00007ffbafa8e000 	C:\WINDOWS\System32\CoreUIComponents.dll
0x00007ffbb2f40000 - 0x00007ffbb301c000 	C:\WINDOWS\System32\CoreMessaging.dll
0x00007ffbb41f0000 - 0x00007ffbb4221000 	C:\WINDOWS\SYSTEM32\ntmarta.dll
0x00007ffbb1820000 - 0x00007ffbb1956000 	C:\WINDOWS\SYSTEM32\wintypes.dll
0x0000000055470000 - 0x0000000055482000 	C:\Program Files\Java\jre1.8.0_161\bin\prism_common.dll
0x00007ffbb2980000 - 0x00007ffbb2f38000 	C:\WINDOWS\SYSTEM32\d2d1.dll
0x00007ffbb54e0000 - 0x00007ffbb56ae000 	C:\WINDOWS\System32\CRYPT32.dll
0x00007ffbb50c0000 - 0x00007ffbb50d2000 	C:\WINDOWS\System32\MSASN1.dll

VM Arguments:
jvm_args: -agentlib:jdwp=transport=dt_socket,suspend=y,address=localhost:62073 -Dfile.encoding=Cp1252 
java_command: MineGraphics
java_class_path (initial): C:\Program Files\Java\jre1.8.0_161\lib\resources.jar;C:\Program Files\Java\jre1.8.0_161\lib\rt.jar;C:\Program Files\Java\jre1.8.0_161\lib\jsse.jar;C:\Program Files\Java\jre1.8.0_161\lib\jce.jar;C:\Program Files\Java\jre1.8.0_161\lib\charsets.jar;C:\Program Files\Java\jre1.8.0_161\lib\jfr.jar;C:\Program Files\Java\jre1.8.0_161\lib\ext\access-bridge-64.jar;C:\Program Files\Java\jre1.8.0_161\lib\ext\cldrdata.jar;C:\Program Files\Java\jre1.8.0_161\lib\ext\dnsns.jar;C:\Program Files\Java\jre1.8.0_161\lib\ext\jaccess.jar;C:\Program Files\Java\jre1.8.0_161\lib\ext\jfxrt.jar;C:\Program Files\Java\jre1.8.0_161\lib\ext\localedata.jar;C:\Program Files\Java\jre1.8.0_161\lib\ext\nashorn.jar;C:\Program Files\Java\jre1.8.0_161\lib\ext\sunec.jar;C:\Program Files\Java\jre1.8.0_161\lib\ext\sunjce_provider.jar;C:\Program Files\Java\jre1.8.0_161\lib\ext\sunmscapi.jar;C:\Program Files\Java\jre1.8.0_161\lib\ext\sunpkcs11.jar;C:\Program Files\Java\jre1.8.0_161\lib\ext\zipfs.jar;C:\Users\Tyler\eclipse-workspace\Minesweeper\bin
Launcher Type: SUN_STANDARD

Environment Variables:
PATH=C:/Program Files/Java/jre1.8.0_161/bin/server;C:/Program Files/Java/jre1.8.0_161/bin;C:/Program Files/Java/jre1.8.0_161/lib/amd64;C:\ProgramData\Oracle\Java\javapath;C:\Program Files (x86)\Intel\iCLS Client\;C:\Program Files\Intel\iCLS Client\;C:\Windows\system32;C:\Windows;C:\Windows\System32\Wbem;C:\Windows\System32\WindowsPowerShell\v1.0\;C:\Program Files (x86)\Intel\Intel(R) Management Engine Components\DAL;C:\Program Files\Intel\Intel(R) Management Engine Components\DAL;C:\Program Files (x86)\Intel\Intel(R) Management Engine Components\IPT;C:\Program Files\Intel\Intel(R) Management Engine Components\IPT;C:\Program Files (x86)\NVIDIA Corporation\PhysX\Common;C:\Program Files (x86)\PharosSystems\Core;C:\WINDOWS\system32;C:\WINDOWS;C:\WINDOWS\System32\Wbem;C:\WINDOWS\System32\WindowsPowerShell\v1.0\;C:\Users\Tyler\AppData\Local\Microsoft\WindowsApps;C:\Users\Tyler\AppData\Local\Programs\MiKTeX 2.9\miktex\bin\x64\;C:\Users\Tyler\AppData\Local\atom\bin;%USERPROFILE%\AppData\Local\Microsoft\WindowsApps;;C:\Users\Tyler\Desktop;
USERNAME=Tyler
OS=Windows_NT
PROCESSOR_IDENTIFIER=Intel64 Family 6 Model 78 Stepping 3, GenuineIntel



---------------  S Y S T E M  ---------------

OS: Windows 10.0 , 64 bit Build 16299 (10.0.16299.15)

CPU:total 4 (initial active 4) (2 cores per cpu, 2 threads per core) family 6 model 78 stepping 3, cmov, cx8, fxsr, mmx, sse, sse2, sse3, ssse3, sse4.1, sse4.2, popcnt, avx, avx2, aes, clmul, erms, 3dnowpref, lzcnt, ht, tsc, tscinvbit, bmi1, bmi2, adx

Memory: 4k page, physical 8259484k(980896k free), swap 23809816k(4112k free)

vm_info: Java HotSpot(TM) 64-Bit Server VM (25.161-b12) for windows-amd64 JRE (1.8.0_161-b12), built on Dec 19 2017 17:52:25 by "java_re" with MS VC++ 10.0 (VS2010)

time: Mon May 07 22:57:53 2018
elapsed time: 9 seconds (0d 0h 0m 9s)

